<?xml version="1.0" encoding="UTF-8"?>
<!-- Generated by org.testng.reporters.JUnitXMLReporter -->
<testsuite hostname="admin-PC" ignored="1" name="Default test" tests="1" failures="0" timestamp="2020-03-27T22:48:00 IST" time="6.491" errors="0">
  <testcase name="chickenFeedClientCredentials" time="6.372" classname="oAuth.ChickenFeedAPI"/>
  <testcase name="chickenFeed" time="0.0" classname="oAuth.ChickenFeedAPI">
    <ignored/>
  </testcase> <!-- chickenFeed -->
</testsuite> <!-- Default test -->
