<?xml version="1.0" encoding="UTF-8"?>
<testng-results skipped="0" failed="0" ignored="0" total="1" passed="1">
  <reporter-output>
  </reporter-output>
  <suite name="Default suite" duration-ms="5047" started-at="2020-03-26T17:51:03 IST" finished-at="2020-03-26T17:51:08 IST">
    <groups>
    </groups>
    <test name="Default test" duration-ms="5047" started-at="2020-03-26T17:51:03 IST" finished-at="2020-03-26T17:51:08 IST">
      <class name="RestOtwani.RestAssuredDemo">
        <test-method status="PASS" signature="setup()[pri:0, instance:RestOtwani.RestAssuredDemo@131276c2]" name="setup" is-config="true" duration-ms="1280" started-at="2020-03-26T17:51:03 IST" finished-at="2020-03-26T17:51:04 IST">
          <reporter-output>
          </reporter-output>
        </test-method> <!-- setup -->
        <test-method status="PASS" signature="test1()[pri:0, instance:RestOtwani.RestAssuredDemo@131276c2]" name="test1" duration-ms="3619" started-at="2020-03-26T17:51:04 IST" finished-at="2020-03-26T17:51:08 IST">
          <reporter-output>
          </reporter-output>
        </test-method> <!-- test1 -->
      </class> <!-- RestOtwani.RestAssuredDemo -->
    </test> <!-- Default test -->
  </suite> <!-- Default suite -->
</testng-results>
