<?xml version="1.0" encoding="UTF-8"?>
<testng-results skipped="0" failed="0" ignored="1" total="2" passed="1">
  <reporter-output>
  </reporter-output>
  <suite name="Default suite" duration-ms="6491" started-at="2020-03-27T22:47:53 IST" finished-at="2020-03-27T22:48:00 IST">
    <groups>
    </groups>
    <test name="Default test" duration-ms="6491" started-at="2020-03-27T22:47:53 IST" finished-at="2020-03-27T22:48:00 IST">
      <class name="oAuth.ChickenFeedAPI">
        <test-method status="PASS" signature="chickenFeedClientCredentials()[pri:0, instance:oAuth.ChickenFeedAPI@131276c2]" name="chickenFeedClientCredentials" duration-ms="6372" started-at="2020-03-27T22:47:53 IST" finished-at="2020-03-27T22:48:00 IST">
          <reporter-output>
          </reporter-output>
        </test-method> <!-- chickenFeedClientCredentials -->
      </class> <!-- oAuth.ChickenFeedAPI -->
    </test> <!-- Default test -->
  </suite> <!-- Default suite -->
</testng-results>
